<?xml version="1.0" encoding="UTF-8"?>
<!-- Generated by org.testng.reporters.JUnitReportReporter -->
<testsuite hostname="EN911172.local" failures="0" tests="1" name="categories.CategoriesTest" time="7.508" errors="0" timestamp="25 Mar 2021 19:06:22 GMT" skipped="0">
  <testcase classname="categories.CategoriesTest" name="navigateToAcousticDrumsCategory" time="7.508"/>
</testsuite> <!-- categories.CategoriesTest -->
