<?xml version="1.0" encoding="UTF-8"?>
<!-- Generated by org.testng.reporters.JUnitReportReporter -->
<testsuite hostname="EN911172.local" failures="0" tests="1" name="search.SearchTest" time="8.310" errors="0" timestamp="25 Mar 2021 19:06:22 GMT" skipped="0">
  <testcase classname="search.SearchTest" name="searchProduct" time="8.310"/>
</testsuite> <!-- search.SearchTest -->
