<?xml version="1.0" encoding="UTF-8"?>
<!-- Generated by org.testng.reporters.JUnitReportReporter -->
<testsuite hostname="EN911172.local" failures="0" tests="2" name="price.PriceTest" time="31.040" errors="0" timestamp="25 Mar 2021 19:06:22 GMT" skipped="0">
  <testcase classname="price.PriceTest" name="testFilterPrice" time="14.106"/>
  <testcase classname="price.PriceTest" name="orderPriceHighToLow" time="16.934"/>
</testsuite> <!-- price.PriceTest -->
